<?xml version="1.0" encoding="UTF-8"?>
<!-- Generated by org.testng.reporters.JUnitXMLReporter -->
<testsuite hostname="DESKTOP-BRRH2CJ" ignored="0" name="Smoke Test" tests="3" failures="0" timestamp="17 Apr 2020 07:16:52 GMT" time="131.217" errors="0">
  <testcase name="verifyEndtoEndFloeOfPurchasingtheProduct" time="66.734" classname="com.wip.test.LoginPageTest"/>
  <testcase name="verifySuccessfullLoginFunctionality" time="23.401" classname="com.wip.test.LoginPageTest"/>
  <testcase name="verifyInvalidLoginFunctionality" time="29.359" classname="com.wip.test.LoginPageTest"/>
</testsuite> <!-- Smoke Test -->
